<?xml version="1.0" encoding="UTF-8"?>
<!-- Generated by org.testng.reporters.JUnitReportReporter -->
<testsuite skipped="0" hostname="jdrv48-22" name="tests.HomePageTest" tests="2" failures="0" timestamp="26 Nov 2019 14:13:43 GMT" time="31.674" errors="0">
  <testcase name="msgButtonTest" time="15.051" classname="tests.HomePageTest"/>
  <testcase name="singleInputFieldTest" time="16.623" classname="tests.HomePageTest"/>
</testsuite> <!-- tests.HomePageTest -->
